0 info it worked if it ends with ok
1 verbose cli [ 'C:\\Program Files\\nodejs\\node.exe',
1 verbose cli   'C:\\Program Files\\nodejs\\node_modules\\npm\\bin\\npm-cli.js',
1 verbose cli   'start',
1 verbose cli   '–harmony_async_await' ]
2 info using npm@3.10.10
3 info using node@v6.11.0
4 error arg Argument starts with non-ascii dash, this is probably invalid: [ '–harmony_async_await' ]
5 verbose run-script [ 'prestart', 'start', 'poststart' ]
6 info lifecycle koa2-222@0.1.0~prestart: koa2-222@0.1.0
7 silly lifecycle koa2-222@0.1.0~prestart: no script for prestart, continuing
8 info lifecycle koa2-222@0.1.0~start: koa2-222@0.1.0
9 verbose lifecycle koa2-222@0.1.0~start: unsafe-perm in lifecycle true
10 verbose lifecycle koa2-222@0.1.0~start: PATH: C:\Program Files\nodejs\node_modules\npm\bin\node-gyp-bin;D:\liusuling\node\gather-node\koa2-222\node_modules\.bin;c:\program files\graphicsmagick-1.3.26-q16;C:\windows\system32;C:\windows;C:\windows\System32\Wbem;C:\windows\System32\WindowsPowerShell\v1.0\;C:\Program Files\Git\cmd;C:\Program Files\TortoiseSVN\bin;C:\Program Files\MongoDB\Server\3.2\bin;D:\software\nvmw;C:\Users\liusuling\AppData\Local\Programs\Python\Python36-32;C:\Program Files\GraphicsMagick-1.3.26-Q16;C:\Program Files\nodejs\;C:\Ruby23-x64\bin;C:\Program Files (x86)\Egret\Egret Wing 3\bin;C:\Program Files (x86)\Microsoft VS Code\bin;C:\Users\liusuling\AppData\Roaming\npm
11 verbose lifecycle koa2-222@0.1.0~start: CWD: D:\liusuling\node\gather-node\koa2-222
12 silly lifecycle koa2-222@0.1.0~start: Args: [ '/d /s /c', 'node bin/www "–harmony_async_await"' ]
13 silly lifecycle koa2-222@0.1.0~start: Returned: code: 1  signal: null
14 info lifecycle koa2-222@0.1.0~start: Failed to exec start script
15 verbose stack Error: koa2-222@0.1.0 start: `node bin/www "–harmony_async_await"`
15 verbose stack Exit status 1
15 verbose stack     at EventEmitter.<anonymous> (C:\Program Files\nodejs\node_modules\npm\lib\utils\lifecycle.js:255:16)
15 verbose stack     at emitTwo (events.js:106:13)
15 verbose stack     at EventEmitter.emit (events.js:191:7)
15 verbose stack     at ChildProcess.<anonymous> (C:\Program Files\nodejs\node_modules\npm\lib\utils\spawn.js:40:14)
15 verbose stack     at emitTwo (events.js:106:13)
15 verbose stack     at ChildProcess.emit (events.js:191:7)
15 verbose stack     at maybeClose (internal/child_process.js:891:16)
15 verbose stack     at Process.ChildProcess._handle.onexit (internal/child_process.js:226:5)
16 verbose pkgid koa2-222@0.1.0
17 verbose cwd D:\liusuling\node\gather-node\koa2-222
18 error Windows_NT 6.1.7601
19 error argv "C:\\Program Files\\nodejs\\node.exe" "C:\\Program Files\\nodejs\\node_modules\\npm\\bin\\npm-cli.js" "start" "–harmony_async_await"
20 error node v6.11.0
21 error npm  v3.10.10
22 error code ELIFECYCLE
23 error koa2-222@0.1.0 start: `node bin/www "–harmony_async_await"`
23 error Exit status 1
24 error Failed at the koa2-222@0.1.0 start script 'node bin/www "–harmony_async_await"'.
24 error Make sure you have the latest version of node.js and npm installed.
24 error If you do, this is most likely a problem with the koa2-222 package,
24 error not with npm itself.
24 error Tell the author that this fails on your system:
24 error     node bin/www "–harmony_async_await"
24 error You can get information on how to open an issue for this project with:
24 error     npm bugs koa2-222
24 error Or if that isn't available, you can get their info via:
24 error     npm owner ls koa2-222
24 error There is likely additional logging output above.
25 verbose exit [ 1, true ]
